2023-10-11 15:38:58,388 [background-preinit] INFO  o.h.validator.internal.util.Version                - HV000001: Hibernate Validator 6.2.0.Final
2023-10-11 15:38:58,407 [main] INFO  o.f.t.SpringBootSecurityJwtApplication             - Starting SpringBootSecurityJwtApplication using Java 17.0.4.1 on 啦啦啦 with PID 8756 (D:\web\teach-web\java-server\target\classes started by 19414 in D:\web\teach-web\java-server)
2023-10-11 15:38:58,408 [main] INFO  o.f.t.SpringBootSecurityJwtApplication             - No active profile set, falling back to default profiles: default
2023-10-11 15:39:00,652 [main] INFO  o.s.d.r.c.RepositoryConfigurationDelegate          - Multiple Spring Data modules found, entering strict repository configuration mode!
2023-10-11 15:39:00,654 [main] INFO  o.s.d.r.c.RepositoryConfigurationDelegate          - Bootstrapping Spring Data JPA repositories in DEFAULT mode.
2023-10-11 15:39:00,813 [main] INFO  o.s.d.r.c.RepositoryConfigurationDelegate          - Finished Spring Data repository scanning in 150 ms. Found 20 JPA repository interfaces.
2023-10-11 15:39:01,425 [main] INFO  o.s.c.s.PostProcessorRegistrationDelegate$BeanPostProcessorChecker - Bean 'org.springframework.security.access.expression.method.DefaultMethodSecurityExpressionHandler@f4a3a8d' of type [org.springframework.security.access.expression.method.DefaultMethodSecurityExpressionHandler] is not eligible for getting processed by all BeanPostProcessors (for example: not eligible for auto-proxying)
2023-10-11 15:39:01,434 [main] INFO  o.s.c.s.PostProcessorRegistrationDelegate$BeanPostProcessorChecker - Bean 'methodSecurityMetadataSource' of type [org.springframework.security.access.method.DelegatingMethodSecurityMetadataSource] is not eligible for getting processed by all BeanPostProcessors (for example: not eligible for auto-proxying)
2023-10-11 15:39:02,093 [main] INFO  o.s.b.w.embedded.tomcat.TomcatWebServer            - Tomcat initialized with port(s): 9090 (http)
2023-10-11 15:39:02,118 [main] INFO  o.apache.coyote.http11.Http11NioProtocol           - Initializing ProtocolHandler ["http-nio-9090"]
2023-10-11 15:39:02,119 [main] INFO  org.apache.catalina.core.StandardService           - Starting service [Tomcat]
2023-10-11 15:39:02,121 [main] INFO  org.apache.catalina.core.StandardEngine            - Starting Servlet engine: [Apache Tomcat/9.0.46]
2023-10-11 15:39:02,280 [main] INFO  o.a.c.c.C.[Tomcat].[localhost].[/]                 - Initializing Spring embedded WebApplicationContext
2023-10-11 15:39:02,280 [main] INFO  o.s.b.w.s.c.ServletWebServerApplicationContext     - Root WebApplicationContext: initialization completed in 3830 ms
2023-10-11 15:39:02,472 [main] WARN  o.s.b.a.o.j.JpaBaseConfiguration$JpaWebConfiguration - spring.jpa.open-in-view is enabled by default. Therefore, database queries may be performed during view rendering. Explicitly configure spring.jpa.open-in-view to disable this warning
2023-10-11 15:39:02,605 [main] INFO  com.zaxxer.hikari.HikariDataSource                 - HikariPool-1 - Starting...
2023-10-11 15:39:02,924 [main] INFO  com.zaxxer.hikari.HikariDataSource                 - HikariPool-1 - Start completed.
2023-10-11 15:39:03,035 [main] INFO  o.hibernate.jpa.internal.util.LogHelper            - HHH000204: Processing PersistenceUnitInfo [name: default]
2023-10-11 15:39:03,160 [main] INFO  org.hibernate.Version                              - HHH000412: Hibernate ORM core version 5.6.15.Final
2023-10-11 15:39:03,330 [main] INFO  org.hibernate.annotations.common.Version           - HCANN000001: Hibernate Commons Annotations {5.1.2.Final}
2023-10-11 15:39:03,569 [main] INFO  org.hibernate.dialect.Dialect                      - HHH000400: Using dialect: org.fatmansoft.teach.sqlite.SQLDialect
2023-10-11 15:39:04,571 [main] INFO  o.h.e.t.j.p.i.JtaPlatformInitiator                 - HHH000490: Using JtaPlatform implementation: [org.hibernate.engine.transaction.jta.platform.internal.NoJtaPlatform]
2023-10-11 15:39:04,583 [main] INFO  o.s.o.j.LocalContainerEntityManagerFactoryBean     - Initialized JPA EntityManagerFactory for persistence unit 'default'
2023-10-11 15:39:06,914 [main] INFO  o.s.b.a.w.s.WelcomePageHandlerMapping              - Adding welcome page: class path resource [public/index.html]
2023-10-11 15:39:07,148 [main] INFO  o.s.s.web.DefaultSecurityFilterChain               - Will secure any request with [org.springframework.security.web.context.request.async.WebAsyncManagerIntegrationFilter@cef23a8, org.springframework.security.web.context.SecurityContextPersistenceFilter@4a7c8cb7, org.springframework.security.web.header.HeaderWriterFilter@126e2710, org.springframework.web.filter.CorsFilter@762d2e4c, org.springframework.security.web.authentication.logout.LogoutFilter@445c693, org.fatmansoft.teach.security.jwt.AuthTokenFilter@370a935f, org.springframework.security.web.savedrequest.RequestCacheAwareFilter@2351255a, org.springframework.security.web.servletapi.SecurityContextHolderAwareRequestFilter@4d145177, org.springframework.security.web.authentication.AnonymousAuthenticationFilter@1e4bf55b, org.springframework.security.web.session.SessionManagementFilter@6d2f910b, org.springframework.security.web.access.ExceptionTranslationFilter@67cd193d, org.springframework.security.web.access.intercept.FilterSecurityInterceptor@4f3b11e6]
2023-10-11 15:39:07,548 [main] INFO  o.apache.coyote.http11.Http11NioProtocol           - Starting ProtocolHandler ["http-nio-9090"]
2023-10-11 15:39:07,659 [main] INFO  o.s.b.w.embedded.tomcat.TomcatWebServer            - Tomcat started on port(s): 9090 (http) with context path ''
2023-10-11 15:39:07,676 [main] INFO  o.f.t.SpringBootSecurityJwtApplication             - Started SpringBootSecurityJwtApplication in 9.874 seconds (JVM running for 14.503)
2023-10-11 15:39:07,680 [main] INFO  o.f.teach.SystemApplicationListener                - SystemInitStart
2023-10-11 15:39:07,805 [main] INFO  o.f.teach.SystemApplicationListener                - systemInitEnd
2023-10-11 15:39:16,932 [http-nio-9090-exec-2] INFO  o.a.c.c.C.[Tomcat].[localhost].[/]                 - Initializing Spring DispatcherServlet 'dispatcherServlet'
2023-10-11 15:39:16,932 [http-nio-9090-exec-2] INFO  o.s.web.servlet.DispatcherServlet                  - Initializing Servlet 'dispatcherServlet'
2023-10-11 15:39:16,933 [http-nio-9090-exec-2] INFO  o.s.web.servlet.DispatcherServlet                  - Completed initialization in 1 ms
2023-10-11 15:39:17,658 [http-nio-9090-exec-2] INFO  o.f.teach.security.jwt.AuthTokenFilter             - /auth/getValidateCode,,2023-10-11 15:39:16,0.668
2023-10-11 15:39:18,015 [http-nio-9090-exec-1] INFO  o.f.teach.security.jwt.AuthTokenFilter             - /auth/getValidateCode,teacher,2023-10-11 15:39:17,0.09
2023-10-11 15:39:20,710 [http-nio-9090-exec-4] INFO  o.f.teach.security.jwt.AuthTokenFilter             - /auth/getValidateCode,,2023-10-11 15:39:20,0.008
2023-10-11 15:39:33,525 [http-nio-9090-exec-7] INFO  o.f.teach.security.jwt.AuthTokenFilter             - /auth/testValidateInfo,,2023-10-11 15:39:33,0.0
2023-10-11 15:39:34,305 [http-nio-9090-exec-5] INFO  o.f.teach.security.jwt.AuthTokenFilter             - /auth/login,,2023-10-11 15:39:33,0.513
2023-10-11 15:39:34,335 [http-nio-9090-exec-3] INFO  o.f.teach.security.jwt.AuthTokenFilter             - /auth/getValidateCode,teacher,2023-10-11 15:39:34,0.013
2023-10-11 15:39:34,720 [http-nio-9090-exec-6] INFO  o.f.teach.security.jwt.AuthTokenFilter             - /api/base/getMenuList,teacher,2023-10-11 15:39:34,0.083
2023-10-11 15:39:35,217 [http-nio-9090-exec-8] INFO  o.f.teach.security.jwt.AuthTokenFilter             - /api/statistics/getMainPageData,teacher,2023-10-11 15:39:35,0.02
2023-10-11 15:39:49,576 [http-nio-9090-exec-9] INFO  o.f.teach.security.jwt.AuthTokenFilter             - /auth/getValidateCode,,2023-10-11 15:39:49,0.019
2023-10-11 15:40:01,745 [http-nio-9090-exec-10] INFO  o.f.teach.security.jwt.AuthTokenFilter             - /auth/testValidateInfo,,2023-10-11 15:40:01,0.008
2023-10-11 15:40:01,965 [http-nio-9090-exec-2] INFO  o.f.teach.security.jwt.AuthTokenFilter             - /auth/login,,2023-10-11 15:40:01,0.203
2023-10-11 15:40:02,338 [http-nio-9090-exec-1] INFO  o.f.teach.security.jwt.AuthTokenFilter             - /auth/getValidateCode,202200300050,2023-10-11 15:40:02,0.028
2023-10-11 15:40:02,357 [http-nio-9090-exec-4] INFO  o.f.teach.security.jwt.AuthTokenFilter             - /api/base/getMenuList,202200300050,2023-10-11 15:40:02,0.021
2023-10-11 15:40:02,586 [http-nio-9090-exec-7] INFO  o.f.teach.security.jwt.AuthTokenFilter             - /api/statistics/getMainPageData,202200300050,2023-10-11 15:40:02,0.013
2023-10-11 15:40:13,947 [http-nio-9090-exec-5] INFO  o.f.teach.security.jwt.AuthTokenFilter             - /api/student/getStudentIntroduceData,202200300050,2023-10-11 15:40:13,0.046
2023-10-11 15:40:13,973 [http-nio-9090-exec-3] INFO  o.f.teach.security.jwt.AuthTokenFilter             - /api/base/getPhotoImageStr,202200300050,2023-10-11 15:40:13,0.016
2023-10-11 15:40:26,483 [http-nio-9090-exec-6] INFO  o.f.teach.security.jwt.AuthTokenFilter             - /api/base/uploadPhotoWeb,202200300050,2023-10-11 15:40:26,0.08
2023-10-11 15:40:27,232 [http-nio-9090-exec-8] INFO  o.f.teach.security.jwt.AuthTokenFilter             - /api/base/uploadPhotoWeb,202200300050,2023-10-11 15:40:27,0.009
2023-10-11 15:40:27,730 [http-nio-9090-exec-9] INFO  o.f.teach.security.jwt.AuthTokenFilter             - /api/base/uploadPhotoWeb,202200300050,2023-10-11 15:40:27,0.019
2023-10-11 15:40:30,318 [http-nio-9090-exec-10] INFO  o.f.teach.security.jwt.AuthTokenFilter             - /api/student/getStudentIntroduceData,202200300050,2023-10-11 15:40:30,0.008
2023-10-11 15:40:30,338 [http-nio-9090-exec-2] INFO  o.f.teach.security.jwt.AuthTokenFilter             - /api/base/getPhotoImageStr,202200300050,2023-10-11 15:40:30,0.011
2023-10-11 15:40:30,917 [http-nio-9090-exec-1] INFO  o.f.teach.security.jwt.AuthTokenFilter             - /api/student/getStudentIntroduceData,202200300050,2023-10-11 15:40:30,0.011
2023-10-11 15:40:30,952 [http-nio-9090-exec-4] INFO  o.f.teach.security.jwt.AuthTokenFilter             - /api/base/getPhotoImageStr,202200300050,2023-10-11 15:40:30,0.017
2023-10-11 15:40:40,245 [http-nio-9090-exec-7] INFO  o.f.teach.security.jwt.AuthTokenFilter             - /api/student/getStudentIntroduceItextPdf,202200300050,2023-10-11 15:40:39,0.723
2023-10-11 15:41:12,939 [http-nio-9090-exec-3] ERROR o.f.teach.security.jwt.AuthEntryPointJwt           - Unauthorized error: /api/student/getStudentIntroduceData:Full authentication is required to access this resource
2023-10-11 15:41:12,939 [http-nio-9090-exec-3] INFO  o.f.teach.security.jwt.AuthTokenFilter             - /api/student/getStudentIntroduceData,,2023-10-11 15:41:12,0.004
2023-10-11 15:41:13,315 [http-nio-9090-exec-6] INFO  o.f.teach.security.jwt.AuthTokenFilter             - /auth/getValidateCode,,2023-10-11 15:41:13,0.016
2023-10-11 15:41:22,438 [http-nio-9090-exec-8] INFO  o.f.teach.security.jwt.AuthTokenFilter             - /auth/testValidateInfo,,2023-10-11 15:41:22,0.008
2023-10-11 15:41:22,964 [http-nio-9090-exec-9] INFO  o.f.teach.security.jwt.AuthTokenFilter             - /auth/login,,2023-10-11 15:41:22,0.2
2023-10-11 15:41:23,020 [http-nio-9090-exec-10] INFO  o.f.teach.security.jwt.AuthTokenFilter             - /auth/getValidateCode,admin,2023-10-11 15:41:23,0.005
2023-10-11 15:41:23,345 [http-nio-9090-exec-2] INFO  o.f.teach.security.jwt.AuthTokenFilter             - /api/base/getMenuList,admin,2023-10-11 15:41:23,0.032
2023-10-11 15:41:23,409 [http-nio-9090-exec-1] INFO  o.f.teach.security.jwt.AuthTokenFilter             - /api/statistics/getMainPageData,admin,2023-10-11 15:41:23,0.011
2023-10-11 15:41:30,181 [http-nio-9090-exec-4] INFO  o.f.teach.security.jwt.AuthTokenFilter             - /api/statistics/getMainPageData,admin,2023-10-11 15:41:30,0.011
2023-10-11 15:41:33,740 [http-nio-9090-exec-7] INFO  o.f.teach.security.jwt.AuthTokenFilter             - /api/base/getRoleOptionItemList,admin,2023-10-11 15:41:33,0.016
2023-10-11 15:41:33,786 [http-nio-9090-exec-5] INFO  o.f.teach.security.jwt.AuthTokenFilter             - /api/base/getMenuTreeNodeList,admin,2023-10-11 15:41:33,0.036
2023-10-11 15:41:51,657 [http-nio-9090-exec-3] INFO  o.f.teach.security.jwt.AuthTokenFilter             - /api/statistics/getMainPageData,admin,2023-10-11 15:41:51,0.012
2023-10-11 15:41:55,512 [http-nio-9090-exec-6] INFO  o.f.teach.security.jwt.AuthTokenFilter             - /api/course/getCourseList,admin,2023-10-11 15:41:55,0.013
2023-10-11 15:41:56,877 [http-nio-9090-exec-8] INFO  o.f.teach.security.jwt.AuthTokenFilter             - /api/score/getScoreList,admin,2023-10-11 15:41:56,0.013
2023-10-11 15:41:56,905 [http-nio-9090-exec-9] INFO  o.f.teach.security.jwt.AuthTokenFilter             - /api/score/getStudentItemOptionList,admin,2023-10-11 15:41:56,0.014
2023-10-11 15:41:57,244 [http-nio-9090-exec-10] INFO  o.f.teach.security.jwt.AuthTokenFilter             - /api/score/getCourseItemOptionList,admin,2023-10-11 15:41:57,0.011
2023-10-11 15:42:02,866 [http-nio-9090-exec-2] INFO  o.f.teach.security.jwt.AuthTokenFilter             - /api/course/getCourseList,admin,2023-10-11 15:42:02,0.009
2023-10-11 15:42:04,275 [http-nio-9090-exec-1] INFO  o.f.teach.security.jwt.AuthTokenFilter             - /api/statistics/getMainPageData,admin,2023-10-11 15:42:04,0.016
2023-10-11 15:42:08,596 [http-nio-9090-exec-4] INFO  o.f.teach.security.jwt.AuthTokenFilter             - /api/student/getStudentPageData,admin,2023-10-11 15:42:08,0.022
2023-10-11 15:42:17,433 [http-nio-9090-exec-7] INFO  o.f.teach.security.jwt.AuthTokenFilter             - /api/teacher/getTeacherList,admin,2023-10-11 15:42:17,0.02
2023-10-11 15:42:20,516 [http-nio-9090-exec-5] INFO  o.f.teach.security.jwt.AuthTokenFilter             - /api/student/getStudentPageData,admin,2023-10-11 15:42:20,0.004
2023-10-11 15:42:21,735 [http-nio-9090-exec-3] INFO  o.f.teach.security.jwt.AuthTokenFilter             - /api/teacher/getTeacherList,admin,2023-10-11 15:42:21,0.007
2023-10-11 15:42:23,130 [http-nio-9090-exec-6] INFO  o.f.teach.security.jwt.AuthTokenFilter             - /api/student/getStudentPageData,admin,2023-10-11 15:42:23,0.015
2023-10-11 15:42:23,376 [http-nio-9090-exec-8] INFO  o.f.teach.security.jwt.AuthTokenFilter             - /api/teacher/getTeacherList,admin,2023-10-11 15:42:23,0.007
2023-10-11 15:42:24,229 [http-nio-9090-exec-9] INFO  o.f.teach.security.jwt.AuthTokenFilter             - /api/student/getStudentPageData,admin,2023-10-11 15:42:24,0.01
2023-10-11 15:42:25,707 [http-nio-9090-exec-10] INFO  o.f.teach.security.jwt.AuthTokenFilter             - /api/teacher/getTeacherList,admin,2023-10-11 15:42:25,0.008
2023-10-11 15:42:29,818 [http-nio-9090-exec-2] INFO  o.f.teach.security.jwt.AuthTokenFilter             - /api/teacher/getTeacherInfo,admin,2023-10-11 15:42:29,0.012
2023-10-11 15:59:38,668 [http-nio-9090-exec-1] INFO  o.f.teach.security.jwt.AuthTokenFilter             - /api/statistics/getMainPageData,admin,2023-10-11 15:59:38,0.006
2023-10-11 15:59:39,522 [http-nio-9090-exec-4] ERROR o.f.teach.security.jwt.AuthEntryPointJwt           - Unauthorized error: /api/statistics/getMainPageData:Full authentication is required to access this resource
2023-10-11 15:59:39,522 [http-nio-9090-exec-4] INFO  o.f.teach.security.jwt.AuthTokenFilter             - /api/statistics/getMainPageData,,2023-10-11 15:59:39,0.0
2023-10-11 15:59:39,853 [http-nio-9090-exec-7] INFO  o.f.teach.security.jwt.AuthTokenFilter             - /auth/getValidateCode,,2023-10-11 15:59:39,0.014
2023-10-11 16:01:59,452 [http-nio-9090-exec-5] INFO  o.f.teach.security.jwt.AuthTokenFilter             - /auth/getValidateCode,,2023-10-11 16:01:59,0.007
2023-10-11 16:07:36,295 [http-nio-9090-exec-3] INFO  o.f.teach.security.jwt.AuthTokenFilter             - /auth/getValidateCode,,2023-10-11 16:07:36,0.006
2023-10-11 16:07:36,300 [http-nio-9090-exec-6] INFO  o.f.teach.security.jwt.AuthTokenFilter             - /auth/getValidateCode,,2023-10-11 16:07:36,0.004
2023-10-11 16:40:52,818 [http-nio-9090-exec-9] INFO  o.f.teach.security.jwt.AuthTokenFilter             - /auth/getValidateCode,,2023-10-11 16:40:52,0.006
2023-10-11 16:40:52,820 [http-nio-9090-exec-8] INFO  o.f.teach.security.jwt.AuthTokenFilter             - /auth/getValidateCode,,2023-10-11 16:40:52,0.008
2023-10-11 16:42:22,827 [http-nio-9090-exec-2] INFO  o.f.teach.security.jwt.AuthTokenFilter             - /auth/getValidateCode,,2023-10-11 16:42:22,0.006
2023-10-11 16:42:22,827 [http-nio-9090-exec-10] INFO  o.f.teach.security.jwt.AuthTokenFilter             - /auth/getValidateCode,,2023-10-11 16:42:22,0.006
2023-10-11 16:45:24,350 [http-nio-9090-exec-1] INFO  o.f.teach.security.jwt.AuthTokenFilter             - /auth/getValidateCode,,2023-10-11 16:45:24,0.011
2023-10-11 16:45:24,350 [http-nio-9090-exec-4] INFO  o.f.teach.security.jwt.AuthTokenFilter             - /auth/getValidateCode,,2023-10-11 16:45:24,0.011
2023-10-11 16:49:31,999 [http-nio-9090-exec-7] INFO  o.f.teach.security.jwt.AuthTokenFilter             - /auth/getValidateCode,,2023-10-11 16:49:31,0.005
2023-10-11 16:49:31,999 [http-nio-9090-exec-5] INFO  o.f.teach.security.jwt.AuthTokenFilter             - /auth/getValidateCode,,2023-10-11 16:49:31,0.005
2023-10-11 16:50:08,922 [http-nio-9090-exec-3] INFO  o.f.teach.security.jwt.AuthTokenFilter             - /auth/getValidateCode,,2023-10-11 16:50:08,0.006
2023-10-11 16:58:00,877 [http-nio-9090-exec-6] INFO  o.f.teach.security.jwt.AuthTokenFilter             - /auth/getValidateCode,,2023-10-11 16:58:00,0.007
2023-10-11 16:59:22,453 [http-nio-9090-exec-9] INFO  o.f.teach.security.jwt.AuthTokenFilter             - /auth/getValidateCode,,2023-10-11 16:59:22,0.006
2023-10-11 16:59:45,259 [http-nio-9090-exec-8] INFO  o.f.teach.security.jwt.AuthTokenFilter             - /auth/getValidateCode,,2023-10-11 16:59:45,0.006
2023-10-11 17:04:05,261 [http-nio-9090-exec-2] INFO  o.f.teach.security.jwt.AuthTokenFilter             - /auth/getValidateCode,,2023-10-11 17:04:05,0.005
2023-10-11 17:04:50,323 [http-nio-9090-exec-10] INFO  o.f.teach.security.jwt.AuthTokenFilter             - /auth/getValidateCode,,2023-10-11 17:04:50,0.005
2023-10-11 17:15:02,097 [SpringApplicationShutdownHook] INFO  o.s.o.j.LocalContainerEntityManagerFactoryBean     - Closing JPA EntityManagerFactory for persistence unit 'default'
2023-10-11 17:15:02,113 [SpringApplicationShutdownHook] INFO  com.zaxxer.hikari.HikariDataSource                 - HikariPool-1 - Shutdown initiated...
2023-10-11 17:15:02,113 [SpringApplicationShutdownHook] INFO  com.zaxxer.hikari.HikariDataSource                 - HikariPool-1 - Shutdown completed.
2023-10-11 17:34:10,716 [background-preinit] INFO  o.h.validator.internal.util.Version                - HV000001: Hibernate Validator 6.2.0.Final
2023-10-11 17:34:10,730 [main] INFO  o.f.t.SpringBootSecurityJwtApplication             - Starting SpringBootSecurityJwtApplication using Java 17.0.4.1 on 啦啦啦 with PID 24080 (D:\web\teach-web\java-server\target\classes started by 19414 in D:\web\teach-web\java-server)
2023-10-11 17:34:10,734 [main] INFO  o.f.t.SpringBootSecurityJwtApplication             - No active profile set, falling back to default profiles: default
2023-10-11 17:34:11,946 [main] INFO  o.s.d.r.c.RepositoryConfigurationDelegate          - Multiple Spring Data modules found, entering strict repository configuration mode!
2023-10-11 17:34:11,948 [main] INFO  o.s.d.r.c.RepositoryConfigurationDelegate          - Bootstrapping Spring Data JPA repositories in DEFAULT mode.
2023-10-11 17:34:12,299 [main] INFO  o.s.d.r.c.RepositoryConfigurationDelegate          - Finished Spring Data repository scanning in 298 ms. Found 20 JPA repository interfaces.
2023-10-11 17:34:12,802 [main] INFO  o.s.c.s.PostProcessorRegistrationDelegate$BeanPostProcessorChecker - Bean 'org.springframework.security.access.expression.method.DefaultMethodSecurityExpressionHandler@3791f50e' of type [org.springframework.security.access.expression.method.DefaultMethodSecurityExpressionHandler] is not eligible for getting processed by all BeanPostProcessors (for example: not eligible for auto-proxying)
2023-10-11 17:34:12,808 [main] INFO  o.s.c.s.PostProcessorRegistrationDelegate$BeanPostProcessorChecker - Bean 'methodSecurityMetadataSource' of type [org.springframework.security.access.method.DelegatingMethodSecurityMetadataSource] is not eligible for getting processed by all BeanPostProcessors (for example: not eligible for auto-proxying)
2023-10-11 17:34:13,237 [main] INFO  o.s.b.w.embedded.tomcat.TomcatWebServer            - Tomcat initialized with port(s): 9090 (http)
2023-10-11 17:34:13,258 [main] INFO  o.apache.coyote.http11.Http11NioProtocol           - Initializing ProtocolHandler ["http-nio-9090"]
2023-10-11 17:34:13,259 [main] INFO  org.apache.catalina.core.StandardService           - Starting service [Tomcat]
2023-10-11 17:34:13,259 [main] INFO  org.apache.catalina.core.StandardEngine            - Starting Servlet engine: [Apache Tomcat/9.0.46]
2023-10-11 17:34:13,368 [main] INFO  o.a.c.c.C.[Tomcat].[localhost].[/]                 - Initializing Spring embedded WebApplicationContext
2023-10-11 17:34:13,368 [main] INFO  o.s.b.w.s.c.ServletWebServerApplicationContext     - Root WebApplicationContext: initialization completed in 2576 ms
2023-10-11 17:34:13,511 [main] WARN  o.s.b.a.o.j.JpaBaseConfiguration$JpaWebConfiguration - spring.jpa.open-in-view is enabled by default. Therefore, database queries may be performed during view rendering. Explicitly configure spring.jpa.open-in-view to disable this warning
2023-10-11 17:34:13,566 [main] INFO  com.zaxxer.hikari.HikariDataSource                 - HikariPool-1 - Starting...
2023-10-11 17:34:13,744 [main] INFO  com.zaxxer.hikari.HikariDataSource                 - HikariPool-1 - Start completed.
2023-10-11 17:34:13,826 [main] INFO  o.hibernate.jpa.internal.util.LogHelper            - HHH000204: Processing PersistenceUnitInfo [name: default]
2023-10-11 17:34:13,966 [main] INFO  org.hibernate.Version                              - HHH000412: Hibernate ORM core version 5.6.15.Final
2023-10-11 17:34:14,142 [main] INFO  org.hibernate.annotations.common.Version           - HCANN000001: Hibernate Commons Annotations {5.1.2.Final}
2023-10-11 17:34:14,277 [main] INFO  org.hibernate.dialect.Dialect                      - HHH000400: Using dialect: org.fatmansoft.teach.sqlite.SQLDialect
2023-10-11 17:34:14,962 [main] INFO  o.h.e.t.j.p.i.JtaPlatformInitiator                 - HHH000490: Using JtaPlatform implementation: [org.hibernate.engine.transaction.jta.platform.internal.NoJtaPlatform]
2023-10-11 17:34:14,970 [main] INFO  o.s.o.j.LocalContainerEntityManagerFactoryBean     - Initialized JPA EntityManagerFactory for persistence unit 'default'
2023-10-11 17:34:16,577 [main] INFO  o.s.b.a.w.s.WelcomePageHandlerMapping              - Adding welcome page: class path resource [public/index.html]
2023-10-11 17:34:16,730 [main] INFO  o.s.s.web.DefaultSecurityFilterChain               - Will secure any request with [org.springframework.security.web.context.request.async.WebAsyncManagerIntegrationFilter@56bf6f1e, org.springframework.security.web.context.SecurityContextPersistenceFilter@677d4cea, org.springframework.security.web.header.HeaderWriterFilter@3d8b9dee, org.springframework.web.filter.CorsFilter@4ac26092, org.springframework.security.web.authentication.logout.LogoutFilter@5625ba2, org.fatmansoft.teach.security.jwt.AuthTokenFilter@6c537267, org.springframework.security.web.savedrequest.RequestCacheAwareFilter@20fdaf3e, org.springframework.security.web.servletapi.SecurityContextHolderAwareRequestFilter@40b678b3, org.springframework.security.web.authentication.AnonymousAuthenticationFilter@308e465b, org.springframework.security.web.session.SessionManagementFilter@7ec176da, org.springframework.security.web.access.ExceptionTranslationFilter@519a81dd, org.springframework.security.web.access.intercept.FilterSecurityInterceptor@35b38986]
2023-10-11 17:34:17,094 [main] INFO  o.apache.coyote.http11.Http11NioProtocol           - Starting ProtocolHandler ["http-nio-9090"]
2023-10-11 17:34:17,147 [main] INFO  o.s.b.w.embedded.tomcat.TomcatWebServer            - Tomcat started on port(s): 9090 (http) with context path ''
2023-10-11 17:34:17,158 [main] INFO  o.f.t.SpringBootSecurityJwtApplication             - Started SpringBootSecurityJwtApplication in 7.136 seconds (JVM running for 7.567)
2023-10-11 17:34:17,162 [main] INFO  o.f.teach.SystemApplicationListener                - SystemInitStart
2023-10-11 17:34:17,318 [main] INFO  o.f.teach.SystemApplicationListener                - systemInitEnd
2023-10-11 17:34:27,803 [http-nio-9090-exec-1] INFO  o.a.c.c.C.[Tomcat].[localhost].[/]                 - Initializing Spring DispatcherServlet 'dispatcherServlet'
2023-10-11 17:34:27,803 [http-nio-9090-exec-1] INFO  o.s.web.servlet.DispatcherServlet                  - Initializing Servlet 'dispatcherServlet'
2023-10-11 17:34:27,804 [http-nio-9090-exec-1] INFO  o.s.web.servlet.DispatcherServlet                  - Completed initialization in 1 ms
2023-10-11 17:34:28,236 [http-nio-9090-exec-1] INFO  o.f.teach.security.jwt.AuthTokenFilter             - /auth/getValidateCode,,2023-10-11 17:34:27,0.401
2023-10-11 17:34:31,544 [http-nio-9090-exec-3] INFO  o.f.teach.security.jwt.AuthTokenFilter             - /auth/testValidateInfo,,2023-10-11 17:34:31,0.006
2023-10-11 17:34:31,812 [http-nio-9090-exec-10] INFO  o.f.teach.security.jwt.AuthTokenFilter             - /auth/login,,2023-10-11 17:34:31,0.26
2023-10-11 17:34:31,842 [http-nio-9090-exec-4] INFO  o.f.teach.security.jwt.AuthTokenFilter             - /auth/getValidateCode,admin,2023-10-11 17:34:31,0.014
2023-10-11 17:34:31,867 [http-nio-9090-exec-6] INFO  o.f.teach.security.jwt.AuthTokenFilter             - /api/base/getMenuList,admin,2023-10-11 17:34:31,0.026
2023-10-11 17:34:32,140 [http-nio-9090-exec-5] INFO  o.f.teach.security.jwt.AuthTokenFilter             - /api/statistics/getMainPageData,admin,2023-10-11 17:34:32,0.016
2023-10-11 17:36:47,242 [http-nio-9090-exec-7] INFO  o.f.teach.security.jwt.AuthTokenFilter             - /auth/getValidateCode,,2023-10-11 17:36:47,0.007
2023-10-11 17:41:02,043 [http-nio-9090-exec-8] INFO  o.f.teach.security.jwt.AuthTokenFilter             - /auth/getValidateCode,admin,2023-10-11 17:41:02,0.01
2023-10-11 17:41:04,339 [http-nio-9090-exec-9] INFO  o.f.teach.security.jwt.AuthTokenFilter             - /auth/getValidateCode,,2023-10-11 17:41:04,0.003
2023-10-11 17:41:09,163 [http-nio-9090-exec-2] INFO  o.f.teach.security.jwt.AuthTokenFilter             - /auth/testValidateInfo,,2023-10-11 17:41:09,0.003
2023-10-11 17:41:09,579 [http-nio-9090-exec-1] INFO  o.f.teach.security.jwt.AuthTokenFilter             - /auth/login,,2023-10-11 17:41:09,0.096
2023-10-11 17:41:09,736 [http-nio-9090-exec-3] INFO  o.f.teach.security.jwt.AuthTokenFilter             - /auth/getValidateCode,admin,2023-10-11 17:41:09,0.0
2023-10-11 17:41:09,901 [http-nio-9090-exec-10] INFO  o.f.teach.security.jwt.AuthTokenFilter             - /api/base/getMenuList,admin,2023-10-11 17:41:09,0.011
2023-10-11 17:41:10,000 [http-nio-9090-exec-4] INFO  o.f.teach.security.jwt.AuthTokenFilter             - /api/statistics/getMainPageData,admin,2023-10-11 17:41:09,0.008
2023-10-11 17:41:13,418 [http-nio-9090-exec-6] INFO  o.f.teach.security.jwt.AuthTokenFilter             - /api/statistics/getMainPageData,admin,2023-10-11 17:41:13,0.009
2023-10-11 17:41:19,448 [http-nio-9090-exec-5] INFO  o.f.teach.security.jwt.AuthTokenFilter             - /auth/getValidateCode,,2023-10-11 17:41:19,0.007
2023-10-11 17:41:20,384 [http-nio-9090-exec-7] INFO  o.f.teach.security.jwt.AuthTokenFilter             - /api/statistics/getMainPageData,admin,2023-10-11 17:41:20,0.009
2023-10-11 17:42:54,811 [http-nio-9090-exec-8] INFO  o.f.teach.security.jwt.AuthTokenFilter             - /api/statistics/getMainPageData,admin,2023-10-11 17:42:54,0.009
2023-10-11 17:42:56,341 [http-nio-9090-exec-9] INFO  o.f.teach.security.jwt.AuthTokenFilter             - /api/statistics/getMainPageData,admin,2023-10-11 17:42:56,0.012
2023-10-11 17:42:57,292 [http-nio-9090-exec-2] INFO  o.f.teach.security.jwt.AuthTokenFilter             - /api/statistics/getMainPageData,admin,2023-10-11 17:42:57,0.008
2023-10-11 17:43:17,577 [http-nio-9090-exec-1] INFO  o.f.teach.security.jwt.AuthTokenFilter             - /api/statistics/getMainPageData,admin,2023-10-11 17:43:17,0.006
2023-10-11 17:43:18,200 [http-nio-9090-exec-3] INFO  o.f.teach.security.jwt.AuthTokenFilter             - /api/statistics/getMainPageData,admin,2023-10-11 17:43:18,0.009
2023-10-11 17:43:24,869 [SpringApplicationShutdownHook] INFO  o.s.o.j.LocalContainerEntityManagerFactoryBean     - Closing JPA EntityManagerFactory for persistence unit 'default'
2023-10-11 17:43:24,871 [SpringApplicationShutdownHook] INFO  com.zaxxer.hikari.HikariDataSource                 - HikariPool-1 - Shutdown initiated...
2023-10-11 17:43:24,873 [SpringApplicationShutdownHook] INFO  com.zaxxer.hikari.HikariDataSource                 - HikariPool-1 - Shutdown completed.
2023-10-11 17:43:28,052 [background-preinit] INFO  o.h.validator.internal.util.Version                - HV000001: Hibernate Validator 6.2.0.Final
2023-10-11 17:43:28,065 [main] INFO  o.f.t.SpringBootSecurityJwtApplication             - Starting SpringBootSecurityJwtApplication using Java 17.0.4.1 on 啦啦啦 with PID 22596 (D:\web\teach-web\java-server\target\classes started by 19414 in D:\web\teach-web\java-server)
2023-10-11 17:43:28,067 [main] INFO  o.f.t.SpringBootSecurityJwtApplication             - No active profile set, falling back to default profiles: default
2023-10-11 17:43:28,800 [main] INFO  o.s.d.r.c.RepositoryConfigurationDelegate          - Multiple Spring Data modules found, entering strict repository configuration mode!
2023-10-11 17:43:28,801 [main] INFO  o.s.d.r.c.RepositoryConfigurationDelegate          - Bootstrapping Spring Data JPA repositories in DEFAULT mode.
2023-10-11 17:43:28,926 [main] INFO  o.s.d.r.c.RepositoryConfigurationDelegate          - Finished Spring Data repository scanning in 114 ms. Found 20 JPA repository interfaces.
2023-10-11 17:43:29,322 [main] INFO  o.s.c.s.PostProcessorRegistrationDelegate$BeanPostProcessorChecker - Bean 'org.springframework.security.access.expression.method.DefaultMethodSecurityExpressionHandler@7b27e8f4' of type [org.springframework.security.access.expression.method.DefaultMethodSecurityExpressionHandler] is not eligible for getting processed by all BeanPostProcessors (for example: not eligible for auto-proxying)
2023-10-11 17:43:29,324 [main] INFO  o.s.c.s.PostProcessorRegistrationDelegate$BeanPostProcessorChecker - Bean 'methodSecurityMetadataSource' of type [org.springframework.security.access.method.DelegatingMethodSecurityMetadataSource] is not eligible for getting processed by all BeanPostProcessors (for example: not eligible for auto-proxying)
2023-10-11 17:43:29,824 [main] INFO  o.s.b.w.embedded.tomcat.TomcatWebServer            - Tomcat initialized with port(s): 9090 (http)
2023-10-11 17:43:29,837 [main] INFO  o.apache.coyote.http11.Http11NioProtocol           - Initializing ProtocolHandler ["http-nio-9090"]
2023-10-11 17:43:29,837 [main] INFO  org.apache.catalina.core.StandardService           - Starting service [Tomcat]
2023-10-11 17:43:29,838 [main] INFO  org.apache.catalina.core.StandardEngine            - Starting Servlet engine: [Apache Tomcat/9.0.46]
2023-10-11 17:43:29,965 [main] INFO  o.a.c.c.C.[Tomcat].[localhost].[/]                 - Initializing Spring embedded WebApplicationContext
2023-10-11 17:43:29,965 [main] INFO  o.s.b.w.s.c.ServletWebServerApplicationContext     - Root WebApplicationContext: initialization completed in 1858 ms
2023-10-11 17:43:30,092 [main] WARN  o.s.b.a.o.j.JpaBaseConfiguration$JpaWebConfiguration - spring.jpa.open-in-view is enabled by default. Therefore, database queries may be performed during view rendering. Explicitly configure spring.jpa.open-in-view to disable this warning
2023-10-11 17:43:30,154 [main] INFO  com.zaxxer.hikari.HikariDataSource                 - HikariPool-1 - Starting...
2023-10-11 17:43:30,403 [main] INFO  com.zaxxer.hikari.HikariDataSource                 - HikariPool-1 - Start completed.
2023-10-11 17:43:30,545 [main] INFO  o.hibernate.jpa.internal.util.LogHelper            - HHH000204: Processing PersistenceUnitInfo [name: default]
2023-10-11 17:43:30,717 [main] INFO  org.hibernate.Version                              - HHH000412: Hibernate ORM core version 5.6.15.Final
2023-10-11 17:43:30,904 [main] INFO  org.hibernate.annotations.common.Version           - HCANN000001: Hibernate Commons Annotations {5.1.2.Final}
2023-10-11 17:43:31,054 [main] INFO  org.hibernate.dialect.Dialect                      - HHH000400: Using dialect: org.fatmansoft.teach.sqlite.SQLDialect
2023-10-11 17:43:31,668 [main] INFO  o.h.e.t.j.p.i.JtaPlatformInitiator                 - HHH000490: Using JtaPlatform implementation: [org.hibernate.engine.transaction.jta.platform.internal.NoJtaPlatform]
2023-10-11 17:43:31,673 [main] INFO  o.s.o.j.LocalContainerEntityManagerFactoryBean     - Initialized JPA EntityManagerFactory for persistence unit 'default'
2023-10-11 17:43:33,217 [main] INFO  o.s.b.a.w.s.WelcomePageHandlerMapping              - Adding welcome page: class path resource [public/index.html]
2023-10-11 17:43:33,366 [main] INFO  o.s.s.web.DefaultSecurityFilterChain               - Will secure any request with [org.springframework.security.web.context.request.async.WebAsyncManagerIntegrationFilter@7be85f15, org.springframework.security.web.context.SecurityContextPersistenceFilter@55ff64fd, org.springframework.security.web.header.HeaderWriterFilter@45cddfd3, org.springframework.web.filter.CorsFilter@48619f15, org.springframework.security.web.authentication.logout.LogoutFilter@47bbf44d, org.fatmansoft.teach.security.jwt.AuthTokenFilter@748aa7dc, org.springframework.security.web.savedrequest.RequestCacheAwareFilter@445c693, org.springframework.security.web.servletapi.SecurityContextHolderAwareRequestFilter@5f7c1de0, org.springframework.security.web.authentication.AnonymousAuthenticationFilter@790ea58f, org.springframework.security.web.session.SessionManagementFilter@33d2f9d3, org.springframework.security.web.access.ExceptionTranslationFilter@5608e254, org.springframework.security.web.access.intercept.FilterSecurityInterceptor@23b3afb4]
2023-10-11 17:43:33,699 [main] INFO  o.apache.coyote.http11.Http11NioProtocol           - Starting ProtocolHandler ["http-nio-9090"]
2023-10-11 17:43:33,752 [main] INFO  o.s.b.w.embedded.tomcat.TomcatWebServer            - Tomcat started on port(s): 9090 (http) with context path ''
2023-10-11 17:43:33,763 [main] INFO  o.f.t.SpringBootSecurityJwtApplication             - Started SpringBootSecurityJwtApplication in 6.114 seconds (JVM running for 6.485)
2023-10-11 17:43:33,767 [main] INFO  o.f.teach.SystemApplicationListener                - SystemInitStart
2023-10-11 17:43:33,897 [main] INFO  o.f.teach.SystemApplicationListener                - systemInitEnd
2023-10-11 17:43:36,550 [http-nio-9090-exec-1] INFO  o.a.c.c.C.[Tomcat].[localhost].[/]                 - Initializing Spring DispatcherServlet 'dispatcherServlet'
2023-10-11 17:43:36,551 [http-nio-9090-exec-1] INFO  o.s.web.servlet.DispatcherServlet                  - Initializing Servlet 'dispatcherServlet'
2023-10-11 17:43:36,551 [http-nio-9090-exec-1] INFO  o.s.web.servlet.DispatcherServlet                  - Completed initialization in 0 ms
2023-10-11 17:43:36,836 [http-nio-9090-exec-1] INFO  o.f.teach.security.jwt.AuthTokenFilter             - /auth/getValidateCode,,2023-10-11 17:43:36,0.269
2023-10-11 17:43:44,311 [http-nio-9090-exec-6] INFO  o.f.teach.security.jwt.AuthTokenFilter             - /auth/getValidateCode,admin,2023-10-11 17:43:44,0.088
2023-10-11 17:43:48,331 [http-nio-9090-exec-4] INFO  o.f.teach.security.jwt.AuthTokenFilter             - /auth/getValidateCode,admin,2023-10-11 17:43:48,0.013
2023-10-11 17:44:33,059 [http-nio-9090-exec-2] INFO  o.f.teach.security.jwt.AuthTokenFilter             - /auth/getValidateCode,,2023-10-11 17:44:33,0.006
2023-10-11 17:44:36,237 [http-nio-9090-exec-5] INFO  o.f.teach.security.jwt.AuthTokenFilter             - /auth/getValidateCode,admin,2023-10-11 17:44:36,0.009
2023-10-11 17:44:39,115 [http-nio-9090-exec-3] INFO  o.f.teach.security.jwt.AuthTokenFilter             - /auth/getValidateCode,admin,2023-10-11 17:44:39,0.008
2023-10-11 17:45:22,871 [http-nio-9090-exec-7] INFO  o.f.teach.security.jwt.AuthTokenFilter             - /api/statistics/getMainPageData,admin,2023-10-11 17:45:22,0.018
2023-10-11 17:46:27,904 [http-nio-9090-exec-8] INFO  o.f.teach.security.jwt.AuthTokenFilter             - /auth/getValidateCode,,2023-10-11 17:46:27,0.007
2023-10-11 17:46:37,845 [SpringApplicationShutdownHook] INFO  o.s.o.j.LocalContainerEntityManagerFactoryBean     - Closing JPA EntityManagerFactory for persistence unit 'default'
2023-10-11 17:46:37,845 [SpringApplicationShutdownHook] INFO  com.zaxxer.hikari.HikariDataSource                 - HikariPool-1 - Shutdown initiated...
2023-10-11 17:46:37,845 [SpringApplicationShutdownHook] INFO  com.zaxxer.hikari.HikariDataSource                 - HikariPool-1 - Shutdown completed.
